<?xml version="1.0" encoding="UTF-8"?>
<!-- Generated by org.testng.reporters.JUnitXMLReporter -->
<testsuite ignored="0" hostname="DESKTOP-CSDM7LP" failures="0" tests="2" name="Default test" time="48.655" errors="0" timestamp="2024-06-07T03:22:56 BDT">
  <testcase classname="com.juice.OWASPJuiceShopTesting.JuiceShopTest" name="browseWebsite" time="35.079"/>
  <testcase classname="com.juice.OWASPJuiceShopTesting.JuiceShopTest" name="verifySearchFunctionality" time="13.382"/>
</testsuite> <!-- Default test -->
