<?xml version="1.0" encoding="UTF-8"?>
<testng-results ignored="0" total="2" passed="2" failed="0" skipped="0">
  <reporter-output>
  </reporter-output>
  <suite started-at="2024-06-07T03:22:07 BDT" name="Default suite" finished-at="2024-06-07T03:22:56 BDT" duration-ms="48655">
    <groups>
    </groups>
    <test started-at="2024-06-07T03:22:07 BDT" name="Default test" finished-at="2024-06-07T03:22:56 BDT" duration-ms="48655">
      <class name="com.juice.OWASPJuiceShopTesting.JuiceShopTest">
        <test-method is-config="true" signature="start()[pri:0, instance:com.juice.OWASPJuiceShopTesting.JuiceShopTest@8458f04]" started-at="2024-06-07T03:22:02 BDT" name="start" finished-at="2024-06-07T03:22:07 BDT" duration-ms="4646" status="PASS">
          <reporter-output>
          </reporter-output>
        </test-method> <!-- start -->
        <test-method signature="browseWebsite()[pri:0, instance:com.juice.OWASPJuiceShopTesting.JuiceShopTest@8458f04]" started-at="2024-06-07T03:22:07 BDT" name="browseWebsite" finished-at="2024-06-07T03:22:42 BDT" duration-ms="35079" status="PASS">
          <reporter-output>
          </reporter-output>
        </test-method> <!-- browseWebsite -->
        <test-method signature="verifySearchFunctionality()[pri:0, instance:com.juice.OWASPJuiceShopTesting.JuiceShopTest@8458f04]" started-at="2024-06-07T03:22:42 BDT" name="verifySearchFunctionality" finished-at="2024-06-07T03:22:56 BDT" duration-ms="13382" status="PASS">
          <reporter-output>
          </reporter-output>
        </test-method> <!-- verifySearchFunctionality -->
        <test-method is-config="true" signature="close()[pri:0, instance:com.juice.OWASPJuiceShopTesting.JuiceShopTest@8458f04]" started-at="2024-06-07T03:22:56 BDT" name="close" finished-at="2024-06-07T03:22:56 BDT" duration-ms="325" status="PASS">
          <reporter-output>
          </reporter-output>
        </test-method> <!-- close -->
      </class> <!-- com.juice.OWASPJuiceShopTesting.JuiceShopTest -->
    </test> <!-- Default test -->
  </suite> <!-- Default suite -->
</testng-results>
